Base path: 'C:/Program Files/Unity/Hub/Editor/2019.2.17f1/Editor/Data', plugins path 'C:/Program Files/Unity/Hub/Editor/2019.2.17f1/Editor/Data/PlaybackEngines'
Cmd: initializeCompiler
Cmd: compileSnippet
  api=4 type=1 insize=1298 outsize=218 kw=UNITY_PASS_SHADOWCASTER SHADOWS_CUBE _SPECGLOSSMAP pd=UNITY_ENABLE_REFLECTION_BUFFERS UNITY_USE_DITHER_MASK_FOR_ALPHABLENDED_SHADOWS UNITY_PBS_USE_BRDF1 UNITY_SPECCUBE_BOX_PROJECTION UNITY_SPECCUBE_BLENDING UNITY_ENABLE_DETAIL_NORMALMAP SHADER_API_DESKTOP UNITY_LIGHT_PROBE_PROXY_VOLUME UNITY_LIGHTMAP_FULL_HDR ok=1
Cmd: compileComputeKernel
  api=4 insize=8532076 outsize=2325 ok=1
Cmd: compileComputeKernel
  api=4 insize=8532076 outsize=234 ok=1
Cmd: compileComputeKernel
  api=4 insize=8532076 outsize=10961 ok=1
Cmd: compileComputeKernel
  api=4 insize=8532076 outsize=6513 ok=1
Cmd: compileComputeKernel
  api=4 insize=8532076 outsize=234 ok=1
Cmd: compileComputeKernel
  api=4 insize=8532076 outsize=9258 ok=1
Cmd: compileComputeKernel
  api=4 insize=8532076 outsize=234 ok=1
Cmd: compileComputeKernel
  api=4 insize=8532076 outsize=234 ok=1
Cmd: compileComputeKernel
  api=4 insize=8532076 outsize=234 ok=1
Cmd: compileComputeKernel
  api=4 insize=8532076 outsize=234 ok=1
Cmd: compileComputeKernel
  api=4 insize=8532076 outsize=234 ok=1
Cmd: compileComputeKernel
  api=4 insize=8532076 outsize=234 ok=1
Cmd: compileComputeKernel
  api=4 insize=8532076 outsize=15353 ok=1
Cmd: compileComputeKernel
  api=4 insize=8532076 outsize=234 ok=1
Cmd: compileComputeKernel
  api=4 insize=8532076 outsize=234 ok=1
Cmd: compileComputeKernel
  api=4 insize=8532076 outsize=234 ok=1
Cmd: compileComputeKernel
  api=4 insize=8532076 outsize=234 ok=1
Cmd: compileComputeKernel
  api=4 insize=8532076 outsize=2278 ok=1
Cmd: compileComputeKernel
  api=4 insize=8532076 outsize=14605 ok=1
Cmd: compileComputeKernel
  api=4 insize=8532076 outsize=234 ok=1
Cmd: compileComputeKernel
  api=4 insize=8532076 outsize=234 ok=1
Cmd: compileComputeKernel
  api=4 insize=8532076 outsize=234 ok=1
Cmd: compileComputeKernel
  api=4 insize=8532076 outsize=234 ok=1
Cmd: compileComputeKernel
  api=4 insize=8532076 outsize=234 ok=1
Cmd: compileComputeKernel
  api=4 insize=8532076 outsize=234 ok=1
Cmd: compileComputeKernel
  api=4 insize=8532076 outsize=10342 ok=1
Cmd: compileComputeKernel
  api=4 insize=8532076 outsize=234 ok=1
Cmd: compileComputeKernel
  api=4 insize=8532076 outsize=234 ok=1
Cmd: compileComputeKernel
  api=4 insize=8532076 outsize=234 ok=1
Cmd: compileComputeKernel
  api=4 insize=8532076 outsize=234 ok=1
Cmd: compileComputeKernel
  api=4 insize=8532076 outsize=234 ok=1
Cmd: compileComputeKernel
  api=4 insize=8532076 outsize=6693 ok=1
Cmd: compileComputeKernel
  api=4 insize=8532076 outsize=9258 ok=1
Cmd: compileComputeKernel
  api=4 insize=8532076 outsize=234 ok=1
Cmd: compileComputeKernel
  api=4 insize=8532076 outsize=234 ok=1
Cmd: compileComputeKernel
  api=4 insize=8532076 outsize=234 ok=1
Cmd: compileComputeKernel
  api=4 insize=8532076 outsize=234 ok=1
Cmd: compileComputeKernel
  api=4 insize=8532076 outsize=234 ok=1
Cmd: compileComputeKernel
  api=4 insize=8532076 outsize=8252 ok=1
Cmd: compileComputeKernel
  api=4 insize=8532076 outsize=234 ok=1
Cmd: compileComputeKernel
  api=4 insize=8532076 outsize=14996 ok=1
Cmd: compileComputeKernel
  api=4 insize=8532076 outsize=234 ok=1
Cmd: compileComputeKernel
  api=4 insize=8532076 outsize=234 ok=1
Cmd: compileComputeKernel
  api=4 insize=8532076 outsize=234 ok=1
Cmd: compileComputeKernel
  api=4 insize=8532076 outsize=234 ok=1
Cmd: compileComputeKernel
  api=4 insize=8532076 outsize=234 ok=1
Cmd: compileComputeKernel
  api=4 insize=8532076 outsize=234 ok=1
Cmd: compileComputeKernel
  api=4 insize=8532076 outsize=234 ok=1
Cmd: compileComputeKernel
  api=4 insize=8532076 outsize=234 ok=1
Cmd: compileComputeKernel
  api=4 insize=8532076 outsize=234 ok=1
Cmd: compileComputeKernel
  api=4 insize=8532076 outsize=234 ok=1
Cmd: compileComputeKernel
  api=4 insize=8532076 outsize=234 ok=1
Cmd: compileComputeKernel
  api=4 insize=8532076 outsize=234 ok=1
Cmd: compileComputeKernel
  api=4 insize=8532076 outsize=234 ok=1
Cmd: compileComputeKernel
  api=4 insize=8532076 outsize=234 ok=1
Cmd: compileComputeKernel
  api=4 insize=8532076 outsize=5464 ok=1
Cmd: compileComputeKernel
  api=4 insize=8532076 outsize=234 ok=1
Cmd: compileComputeKernel
  api=4 insize=8532076 outsize=12568 ok=1
Cmd: compileComputeKernel
  api=4 insize=8532076 outsize=234 ok=1
Cmd: compileComputeKernel
  api=4 insize=8532076 outsize=234 ok=1
Cmd: compileComputeKernel
  api=4 insize=8532076 outsize=234 ok=1
Cmd: compileComputeKernel
  api=4 insize=8532076 outsize=8620 ok=1
Cmd: compileComputeKernel
  api=4 insize=8532076 outsize=234 ok=1
Cmd: compileComputeKernel
  api=4 insize=8532076 outsize=15364 ok=1
Cmd: compileComputeKernel
  api=4 insize=8532076 outsize=234 ok=1
Cmd: compileComputeKernel
  api=4 insize=8532076 outsize=234 ok=1
Cmd: compileComputeKernel
  api=4 insize=8532076 outsize=234 ok=1
Cmd: compileComputeKernel
  api=4 insize=8532076 outsize=234 ok=1
Cmd: compileComputeKernel
  api=4 insize=8532076 outsize=234 ok=1
Cmd: compileComputeKernel
  api=4 insize=8532076 outsize=234 ok=1
Cmd: compileComputeKernel
  api=4 insize=8532076 outsize=234 ok=1
Cmd: compileComputeKernel
  api=4 insize=8532076 outsize=234 ok=1
Cmd: compileComputeKernel
  api=4 insize=8532076 outsize=234 ok=1
Cmd: compileComputeKernel
  api=4 insize=8532076 outsize=234 ok=1
Cmd: compileComputeKernel
  api=4 insize=8532076 outsize=234 ok=1
Cmd: compileComputeKernel
  api=4 insize=8532076 outsize=234 ok=1
Cmd: compileComputeKernel
  api=4 insize=8532076 outsize=234 ok=1
Cmd: compileComputeKernel
  api=4 insize=8532076 outsize=234 ok=1
Cmd: compileComputeKernel
  api=4 insize=8532076 outsize=234 ok=1
Cmd: compileComputeKernel
  api=4 insize=8532076 outsize=234 ok=1
Cmd: compileComputeKernel
  api=4 insize=8532076 outsize=234 ok=1
Cmd: compileComputeKernel
  api=4 insize=8532076 outsize=234 ok=1
Cmd: compileComputeKernel
  api=4 insize=8532076 outsize=234 ok=1
Cmd: compileComputeKernel
  api=4 insize=8532076 outsize=234 ok=1
Cmd: compileComputeKernel
  api=4 insize=8532076 outsize=234 ok=1
Cmd: compileComputeKernel
  api=4 insize=8532076 outsize=234 ok=1
Cmd: compileComputeKernel
  api=4 insize=8532076 outsize=234 ok=1
Cmd: compileComputeKernel
  api=4 insize=8532076 outsize=234 ok=1
Cmd: compileComputeKernel
  api=4 insize=8532076 outsize=234 ok=1
Cmd: compileComputeKernel
  api=4 insize=8532076 outsize=234 ok=1
Cmd: compileComputeKernel
  api=4 insize=8532076 outsize=234 ok=1
Cmd: compileComputeKernel
  api=4 insize=8532076 outsize=234 ok=1
Cmd: compileComputeKernel
  api=4 insize=8532076 outsize=234 ok=1
Cmd: compileComputeKernel
  api=4 insize=8532076 outsize=234 ok=1
Cmd: compileComputeKernel
  api=4 insize=8532076 outsize=234 ok=1
Cmd: compileComputeKernel
  api=4 insize=8532076 outsize=234 ok=1
Cmd: compileComputeKernel
  api=4 insize=8532076 outsize=234 ok=1
Cmd: compileComputeKernel
  api=4 insize=8532076 outsize=10725 ok=1
Cmd: compileComputeKernel
  api=4 insize=8532076 outsize=234 ok=1
Cmd: compileComputeKernel
  api=4 insize=8532076 outsize=21214 ok=1
Cmd: compileComputeKernel
  api=4 insize=8532076 outsize=234 ok=1
Cmd: compileComputeKernel
  api=4 insize=8532076 outsize=19067 ok=1
Cmd: compileComputeKernel
  api=4 insize=8532076 outsize=234 ok=1
Cmd: compileComputeKernel
  api=4 insize=8532076 outsize=20092 ok=1
Cmd: compileComputeKernel
  api=4 insize=8532076 outsize=234 ok=1
Cmd: compileComputeKernel
  api=4 insize=8532076 outsize=234 ok=1
Cmd: compileComputeKernel
  api=4 insize=8532076 outsize=234 ok=1
Cmd: compileComputeKernel
  api=4 insize=8532076 outsize=234 ok=1
Cmd: compileComputeKernel
  api=4 insize=8532076 outsize=11612 ok=1
Cmd: compileComputeKernel
  api=4 insize=8532076 outsize=234 ok=1
Cmd: compileComputeKernel
  api=4 insize=8532076 outsize=22017 ok=1
Cmd: compileComputeKernel
  api=4 insize=8532076 outsize=234 ok=1
Cmd: compileComputeKernel
  api=4 insize=8532076 outsize=20428 ok=1
Cmd: compileComputeKernel
  api=4 insize=8532076 outsize=234 ok=1
Cmd: compileComputeKernel
  api=4 insize=8532076 outsize=234 ok=1
Cmd: compileComputeKernel
  api=4 insize=8532076 outsize=234 ok=1
Cmd: compileComputeKernel
  api=4 insize=8532076 outsize=7253 ok=1
Cmd: compileComputeKernel
  api=4 insize=8532076 outsize=234 ok=1
Cmd: compileComputeKernel
  api=4 insize=8532076 outsize=14177 ok=1
Cmd: compileComputeKernel
  api=4 insize=8532076 outsize=234 ok=1
Cmd: compileComputeKernel
  api=4 insize=8532076 outsize=234 ok=1
Cmd: compileComputeKernel
  api=4 insize=8532076 outsize=234 ok=1
Cmd: compileComputeKernel
  api=4 insize=8532076 outsize=10041 ok=1
Cmd: compileComputeKernel
  api=4 insize=8532076 outsize=234 ok=1
Cmd: compileComputeKernel
  api=4 insize=8532076 outsize=234 ok=1
Cmd: compileComputeKernel
  api=4 insize=8532076 outsize=21515 ok=1
Cmd: compileComputeKernel
  api=4 insize=8532076 outsize=234 ok=1
Cmd: compileComputeKernel
  api=4 insize=8532076 outsize=234 ok=1
Cmd: compileComputeKernel
  api=4 insize=8532076 outsize=234 ok=1
Cmd: compileComputeKernel
  api=4 insize=8532076 outsize=234 ok=1
Cmd: compileComputeKernel
  api=4 insize=8532076 outsize=234 ok=1
Cmd: compileComputeKernel
  api=4 insize=8532076 outsize=234 ok=1
Cmd: compileComputeKernel
  api=4 insize=8532076 outsize=234 ok=1
Cmd: compileComputeKernel
  api=4 insize=8532076 outsize=234 ok=1
Cmd: compileComputeKernel
  api=4 insize=8532076 outsize=234 ok=1
Cmd: compileComputeKernel
  api=4 insize=8532076 outsize=234 ok=1
Cmd: compileComputeKernel
  api=4 insize=8532076 outsize=234 ok=1
Cmd: compileComputeKernel
  api=4 insize=8532076 outsize=8482 ok=1
Cmd: compileComputeKernel
  api=4 insize=8532076 outsize=11047 ok=1
Cmd: compileComputeKernel
  api=4 insize=8532076 outsize=234 ok=1
Cmd: compileComputeKernel
  api=4 insize=8532076 outsize=234 ok=1
Cmd: compileComputeKernel
  api=4 insize=8532076 outsize=234 ok=1
Cmd: compileComputeKernel
  api=4 insize=8532076 outsize=234 ok=1
Cmd: compileComputeKernel
  api=4 insize=8532076 outsize=234 ok=1
Cmd: compileComputeKernel
  api=4 insize=8532076 outsize=10409 ok=1
Cmd: compileComputeKernel
  api=4 insize=8532076 outsize=234 ok=1
Cmd: compileComputeKernel
  api=4 insize=8532076 outsize=234 ok=1
Cmd: compileComputeKernel
  api=4 insize=8532076 outsize=21867 ok=1
Cmd: compileComputeKernel
  api=4 insize=8532076 outsize=234 ok=1
Cmd: compileComputeKernel
  api=4 insize=8532076 outsize=234 ok=1
Cmd: compileComputeKernel
  api=4 insize=8532076 outsize=234 ok=1
Cmd: compileComputeKernel
  api=4 insize=8532076 outsize=234 ok=1
Cmd: compileComputeKernel
  api=4 insize=8532076 outsize=234 ok=1
Cmd: compileComputeKernel
  api=4 insize=8532076 outsize=234 ok=1
Cmd: compileComputeKernel
  api=4 insize=8532076 outsize=234 ok=1
Cmd: compileComputeKernel
  api=4 insize=8532076 outsize=234 ok=1
Cmd: compileComputeKernel
  api=4 insize=8532076 outsize=234 ok=1
Cmd: compileComputeKernel
  api=4 insize=8532076 outsize=234 ok=1
Cmd: compileComputeKernel
  api=4 insize=8532076 outsize=234 ok=1
Cmd: compileComputeKernel
  api=4 insize=8532076 outsize=234 ok=1
Cmd: compileComputeKernel
  api=4 insize=8532076 outsize=234 ok=1
Cmd: compileComputeKernel
  api=4 insize=8532076 outsize=234 ok=1
Cmd: compileComputeKernel
  api=4 insize=8532076 outsize=234 ok=1
Cmd: compileComputeKernel
  api=4 insize=8532076 outsize=234 ok=1
Cmd: compileComputeKernel
  api=4 insize=8532076 outsize=234 ok=1
Cmd: compileComputeKernel
  api=4 insize=8532076 outsize=234 ok=1
Cmd: compileComputeKernel
  api=4 insize=8532076 outsize=234 ok=1
Cmd: compileComputeKernel
  api=4 insize=8532076 outsize=234 ok=1
Cmd: compileComputeKernel
  api=4 insize=8532076 outsize=234 ok=1
Cmd: compileComputeKernel
  api=4 insize=8532076 outsize=234 ok=1
Cmd: compileComputeKernel
  api=4 insize=8532076 outsize=234 ok=1
Cmd: compileComputeKernel
  api=4 insize=8532076 outsize=234 ok=1
Cmd: compileComputeKernel
  api=4 insize=8532076 outsize=234 ok=1
Cmd: compileComputeKernel
  api=4 insize=8532076 outsize=234 ok=1
Cmd: compileComputeKernel
  api=4 insize=8532076 outsize=234 ok=1
Cmd: compileComputeKernel
  api=4 insize=8532076 outsize=234 ok=1
Cmd: compileComputeKernel
  api=4 insize=8532076 outsize=234 ok=1
Cmd: compileComputeKernel
  api=4 insize=8532076 outsize=234 ok=1
Cmd: compileComputeKernel
  api=4 insize=8532076 outsize=234 ok=1
Cmd: compileComputeKernel
  api=4 insize=8532076 outsize=234 ok=1
Cmd: compileComputeKernel
  api=4 insize=8532076 outsize=234 ok=1
Cmd: compileComputeKernel
  api=4 insize=8532076 outsize=234 ok=1
Cmd: compileComputeKernel
  api=4 insize=8532076 outsize=234 ok=1
Cmd: compileComputeKernel
  api=4 insize=8532076 outsize=234 ok=1
Cmd: compileComputeKernel
  api=4 insize=8532076 outsize=234 ok=1
Cmd: compileComputeKernel
  api=4 insize=8532076 outsize=234 ok=1
Cmd: compileComputeKernel
  api=4 insize=8532076 outsize=234 ok=1
Cmd: compileComputeKernel
  api=4 insize=8532076 outsize=234 ok=1
Cmd: compileComputeKernel
  api=4 insize=8532076 outsize=234 ok=1
Cmd: compileComputeKernel
  api=4 insize=8532076 outsize=234 ok=1
Cmd: compileComputeKernel
  api=4 insize=8532076 outsize=234 ok=1
Cmd: compileComputeKernel
  api=4 insize=8532076 outsize=234 ok=1
Cmd: compileComputeKernel
  api=4 insize=8532076 outsize=234 ok=1
Cmd: compileComputeKernel
  api=4 insize=8532076 outsize=234 ok=1
Cmd: compileComputeKernel
  api=4 insize=8532076 outsize=234 ok=1
Cmd: compileComputeKernel
  api=4 insize=8532076 outsize=234 ok=1
Cmd: compileComputeKernel
  api=4 insize=8532076 outsize=234 ok=1
Cmd: compileComputeKernel
  api=4 insize=8532076 outsize=234 ok=1
Cmd: compileComputeKernel
  api=4 insize=8532076 outsize=234 ok=1
Cmd: compileComputeKernel
  api=4 insize=8532076 outsize=234 ok=1
Cmd: compileComputeKernel
  api=4 insize=8532076 outsize=234 ok=1
Cmd: compileComputeKernel
  api=4 insize=8532076 outsize=234 ok=1
Cmd: compileComputeKernel
  api=4 insize=8532076 outsize=234 ok=1
Cmd: compileComputeKernel
  api=4 insize=8532076 outsize=234 ok=1
Cmd: compileComputeKernel
  api=4 insize=8532076 outsize=234 ok=1
Cmd: compileComputeKernel
  api=4 insize=8532076 outsize=234 ok=1
Cmd: compileComputeKernel
  api=4 insize=8532076 outsize=234 ok=1
Cmd: compileComputeKernel
  api=4 insize=8532076 outsize=234 ok=1
Cmd: compileComputeKernel
  api=4 insize=8532076 outsize=234 ok=1
Cmd: compileComputeKernel
  api=4 insize=8532076 outsize=234 ok=1
Cmd: compileComputeKernel
  api=4 insize=8532076 outsize=234 ok=1
Cmd: compileComputeKernel
  api=4 insize=8532076 outsize=234 ok=1
Cmd: compileComputeKernel
  api=4 insize=8532076 outsize=234 ok=1
Cmd: compileComputeKernel
  api=4 insize=8532076 outsize=234 ok=1
Cmd: compileComputeKernel
  api=4 insize=8532076 outsize=234 ok=1
Cmd: compileComputeKernel
  api=4 insize=8532076 outsize=234 ok=1
Cmd: compileComputeKernel
  api=4 insize=8532076 outsize=234 ok=1
Cmd: compileComputeKernel
  api=4 insize=8532076 outsize=234 ok=1
Cmd: compileComputeKernel
  api=4 insize=8532076 outsize=234 ok=1
Cmd: compileComputeKernel
  api=4 insize=8532076 outsize=234 ok=1
Cmd: compileComputeKernel
  api=4 insize=8532076 outsize=234 ok=1
Cmd: compileComputeKernel
  api=4 insize=8532076 outsize=234 ok=1
Cmd: compileComputeKernel
  api=4 insize=8532076 outsize=234 ok=1
Cmd: compileComputeKernel
  api=4 insize=8532076 outsize=234 ok=1
Cmd: compileComputeKernel
  api=4 insize=8532076 outsize=234 ok=1
Cmd: compileComputeKernel
  api=4 insize=8532076 outsize=234 ok=1
Cmd: compileComputeKernel
  api=4 insize=8532076 outsize=234 ok=1
Cmd: compileComputeKernel
  api=4 insize=8532076 outsize=234 ok=1
Cmd: compileComputeKernel
  api=4 insize=8532076 outsize=234 ok=1
Cmd: compileComputeKernel
  api=4 insize=8532076 outsize=234 ok=1
Cmd: compileComputeKernel
  api=4 insize=8532076 outsize=234 ok=1
Cmd: compileComputeKernel
  api=4 insize=8532076 outsize=234 ok=1
Cmd: compileComputeKernel
  api=4 insize=8532076 outsize=234 ok=1
Cmd: compileComputeKernel
  api=4 insize=8532076 outsize=234 ok=1
Cmd: compileComputeKernel
  api=4 insize=8532076 outsize=234 ok=1
Cmd: compileComputeKernel
  api=4 insize=8532076 outsize=234 ok=1
Cmd: compileComputeKernel
  api=4 insize=8532076 outsize=234 ok=1
Cmd: compileComputeKernel
  api=4 insize=8532076 outsize=234 ok=1
Cmd: compileComputeKernel
  api=4 insize=8532076 outsize=234 ok=1
Cmd: compileComputeKernel
  api=4 insize=8532076 outsize=234 ok=1
Cmd: compileComputeKernel
  api=4 insize=8532076 outsize=234 ok=1
Cmd: compileComputeKernel
  api=4 insize=8532076 outsize=234 ok=1
Cmd: compileComputeKernel
  api=4 insize=8532076 outsize=234 ok=1
Cmd: compileComputeKernel
  api=4 insize=8532076 outsize=234 ok=1
Cmd: compileComputeKernel
  api=4 insize=8532076 outsize=234 ok=1
Cmd: compileComputeKernel
  api=4 insize=8532076 outsize=234 ok=1
Cmd: compileComputeKernel
  api=4 insize=8532076 outsize=234 ok=1
Cmd: compileComputeKernel
  api=4 insize=8532076 outsize=234 ok=1
Cmd: compileComputeKernel
  api=4 insize=8532076 outsize=234 ok=1
Cmd: compileComputeKernel
  api=4 insize=8532076 outsize=234 ok=1
Cmd: compileComputeKernel
  api=4 insize=8532076 outsize=234 ok=1
Cmd: compileComputeKernel
  api=4 insize=8532076 outsize=234 ok=1
Cmd: compileComputeKernel
  api=4 insize=8532076 outsize=234 ok=1
Cmd: compileComputeKernel
  api=4 insize=8532076 outsize=234 ok=1
Cmd: compileComputeKernel
  api=4 insize=8532076 outsize=234 ok=1
Cmd: compileComputeKernel
  api=4 insize=8532076 outsize=234 ok=1
Cmd: compileComputeKernel
  api=4 insize=8532076 outsize=234 ok=1
Cmd: compileComputeKernel
  api=4 insize=8532076 outsize=234 ok=1
Cmd: compileComputeKernel
  api=4 insize=8532076 outsize=234 ok=1
Cmd: compileComputeKernel
  api=4 insize=8532076 outsize=234 ok=1
Cmd: compileComputeKernel
  api=4 insize=8532076 outsize=234 ok=1
Cmd: compileComputeKernel
  api=4 insize=8532076 outsize=234 ok=1
Cmd: compileComputeKernel
  api=4 insize=8532076 outsize=234 ok=1
Cmd: compileComputeKernel
  api=4 insize=8532076 outsize=234 ok=1
Cmd: compileComputeKernel
  api=4 insize=8532076 outsize=234 ok=1
Cmd: compileComputeKernel
  api=4 insize=8532076 outsize=8634 ok=1
Cmd: compileComputeKernel
  api=4 insize=8532076 outsize=234 ok=1
Cmd: compileComputeKernel
  api=4 insize=8532076 outsize=234 ok=1
Cmd: compileComputeKernel
  api=4 insize=8532076 outsize=22149 ok=1
Cmd: compileComputeKernel
  api=4 insize=8532076 outsize=234 ok=1
Cmd: compileComputeKernel
  api=4 insize=8532076 outsize=19726 ok=1
Cmd: compileComputeKernel
  api=4 insize=8532076 outsize=234 ok=1
Cmd: compileComputeKernel
  api=4 insize=8532076 outsize=13019 ok=1
Cmd: compileComputeKernel
  api=4 insize=8532076 outsize=234 ok=1
Cmd: compileComputeKernel
  api=4 insize=8532076 outsize=20378 ok=1
Cmd: compileComputeKernel
  api=4 insize=8532076 outsize=234 ok=1
Cmd: compileComputeKernel
  api=4 insize=8532076 outsize=20447 ok=1
Cmd: compileComputeKernel
  api=4 insize=8532076 outsize=234 ok=1
Cmd: compileComputeKernel
  api=4 insize=8532076 outsize=234 ok=1
Cmd: compileComputeKernel
  api=4 insize=8532076 outsize=234 ok=1
Cmd: compileComputeKernel
  api=4 insize=8532076 outsize=234 ok=1
Cmd: compileComputeKernel
  api=4 insize=8532076 outsize=10245 ok=1
Cmd: compileComputeKernel
  api=4 insize=8532076 outsize=12970 ok=1
Cmd: compileComputeKernel
  api=4 insize=8532076 outsize=234 ok=1
Cmd: compileComputeKernel
  api=4 insize=8532076 outsize=234 ok=1
Cmd: compileComputeKernel
  api=4 insize=8532076 outsize=234 ok=1
Cmd: compileComputeKernel
  api=4 insize=8532076 outsize=8092 ok=1
Cmd: compileComputeKernel
  api=4 insize=8532076 outsize=17337 ok=1
Cmd: compileComputeKernel
  api=4 insize=8532076 outsize=234 ok=1
Cmd: compileComputeKernel
  api=4 insize=8532076 outsize=234 ok=1
Cmd: compileComputeKernel
  api=4 insize=8532076 outsize=234 ok=1
Cmd: compileComputeKernel
  api=4 insize=8532076 outsize=234 ok=1
Cmd: compileComputeKernel
  api=4 insize=8532076 outsize=10700 ok=1
Cmd: compileComputeKernel
  api=4 insize=8532076 outsize=234 ok=1
Cmd: compileComputeKernel
  api=4 insize=8532076 outsize=17804 ok=1
Cmd: compileComputeKernel
  api=4 insize=8532076 outsize=234 ok=1
Cmd: compileComputeKernel
  api=4 insize=8532076 outsize=234 ok=1
Cmd: compileComputeKernel
  api=4 insize=8532076 outsize=234 ok=1
Cmd: compileComputeKernel
  api=4 insize=8532076 outsize=234 ok=1
Cmd: compileComputeKernel
  api=4 insize=8532076 outsize=234 ok=1
Cmd: compileComputeKernel
  api=4 insize=8532076 outsize=234 ok=1
Cmd: compileComputeKernel
  api=4 insize=8532076 outsize=234 ok=1
Cmd: compileComputeKernel
  api=4 insize=8532076 outsize=234 ok=1
Cmd: compileComputeKernel
  api=4 insize=8532076 outsize=234 ok=1
Cmd: compileComputeKernel
  api=4 insize=8532076 outsize=234 ok=1
Cmd: compileComputeKernel
  api=4 insize=8532076 outsize=234 ok=1
Cmd: compileComputeKernel
  api=4 insize=8532076 outsize=234 ok=1
Cmd: compileComputeKernel
  api=4 insize=8532076 outsize=234 ok=1
Cmd: compileComputeKernel
  api=4 insize=8532076 outsize=234 ok=1
Cmd: compileComputeKernel
  api=4 insize=8532076 outsize=9161 ok=1
Cmd: compileComputeKernel
  api=4 insize=8532076 outsize=11886 ok=1
Cmd: compileComputeKernel
  api=4 insize=8532076 outsize=234 ok=1
Cmd: compileComputeKernel
  api=4 insize=8532076 outsize=234 ok=1
Cmd: compileComputeKernel
  api=4 insize=8532076 outsize=234 ok=1
Cmd: compileComputeKernel
  api=4 insize=8532076 outsize=234 ok=1
Cmd: compileComputeKernel
  api=4 insize=8532076 outsize=12321 ok=1
Cmd: compileComputeKernel
  api=4 insize=8532076 outsize=234 ok=1
Cmd: compileComputeKernel
  api=4 insize=8532076 outsize=22706 ok=1
Cmd: compileComputeKernel
  api=4 insize=8532076 outsize=234 ok=1
Cmd: compileComputeKernel
  api=4 insize=8532076 outsize=234 ok=1
Cmd: compileComputeKernel
  api=4 insize=8532076 outsize=234 ok=1
Cmd: compileComputeKernel
  api=4 insize=8532076 outsize=234 ok=1
Cmd: compileComputeKernel
  api=4 insize=8532076 outsize=234 ok=1
Cmd: compileComputeKernel
  api=4 insize=8532076 outsize=234 ok=1
Cmd: compileComputeKernel
  api=4 insize=8532076 outsize=234 ok=1
Cmd: compileComputeKernel
  api=4 insize=8532076 outsize=234 ok=1
Cmd: compileComputeKernel
  api=4 insize=8532076 outsize=234 ok=1
Cmd: compileComputeKernel
  api=4 insize=8532076 outsize=234 ok=1
Cmd: compileComputeKernel
  api=4 insize=8532076 outsize=234 ok=1
Cmd: compileComputeKernel
  api=4 insize=8532076 outsize=234 ok=1
Cmd: compileComputeKernel
  api=4 insize=8532076 outsize=234 ok=1
Cmd: compileComputeKernel
  api=4 insize=8532076 outsize=234 ok=1
Cmd: compileComputeKernel
  api=4 insize=8532076 outsize=234 ok=1
Cmd: compileComputeKernel
  api=4 insize=8532076 outsize=234 ok=1
Cmd: compileComputeKernel
  api=4 insize=8532076 outsize=234 ok=1
Cmd: compileComputeKernel
  api=4 insize=8532076 outsize=234 ok=1
Cmd: compileComputeKernel
  api=4 insize=8532076 outsize=234 ok=1
Cmd: compileComputeKernel
  api=4 insize=8532076 outsize=234 ok=1
Cmd: compileComputeKernel
  api=4 insize=8532076 outsize=234 ok=1
Cmd: compileComputeKernel
  api=4 insize=8532076 outsize=234 ok=1
Cmd: compileComputeKernel
  api=4 insize=8532076 outsize=234 ok=1
Cmd: compileComputeKernel
  api=4 insize=8532076 outsize=234 ok=1
Cmd: compileComputeKernel
  api=4 insize=8532076 outsize=234 ok=1
Cmd: compileComputeKernel
  api=4 insize=8532076 outsize=234 ok=1
Cmd: compileComputeKernel
  api=4 insize=8532076 outsize=234 ok=1
Cmd: compileComputeKernel
  api=4 insize=8532076 outsize=234 ok=1
Cmd: compileComputeKernel
  api=4 insize=8532076 outsize=234 ok=1
Cmd: compileComputeKernel
  api=4 insize=8532076 outsize=234 ok=1
Cmd: compileComputeKernel
  api=4 insize=8532076 outsize=234 ok=1
Cmd: compileComputeKernel
  api=4 insize=8532076 outsize=7021 ok=1
Cmd: compileComputeKernel
  api=4 insize=8532076 outsize=9766 ok=1
Cmd: compileComputeKernel
  api=4 insize=8532076 outsize=6679 ok=1
Cmd: compileComputeKernel
  api=4 insize=8532076 outsize=15640 ok=1
Cmd: compileComputeKernel
  api=4 insize=8532076 outsize=234 ok=1
Cmd: compileComputeKernel
  api=4 insize=8532076 outsize=234 ok=1
Cmd: compileComputeKernel
  api=4 insize=8532076 outsize=234 ok=1
Cmd: compileComputeKernel
  api=4 insize=8532076 outsize=234 ok=1
Cmd: compileComputeKernel
  api=4 insize=8532076 outsize=8296 ok=1
Cmd: compileComputeKernel
  api=4 insize=8532076 outsize=13991 ok=1
Cmd: compileComputeKernel
  api=4 insize=8532076 outsize=234 ok=1
Cmd: compileComputeKernel
  api=4 insize=8532076 outsize=234 ok=1
Cmd: compileComputeKernel
  api=4 insize=8532076 outsize=234 ok=1
Cmd: compileComputeKernel
  api=4 insize=8532076 outsize=234 ok=1
Cmd: compileComputeKernel
  api=4 insize=8532076 outsize=10858 ok=1
Cmd: compileComputeKernel
  api=4 insize=8532076 outsize=234 ok=1
Cmd: compileComputeKernel
  api=4 insize=8532076 outsize=21443 ok=1
Cmd: compileComputeKernel
  api=4 insize=8532076 outsize=19854 ok=1
Cmd: compileComputeKernel
  api=4 insize=8532076 outsize=234 ok=1
Cmd: compileComputeKernel
  api=4 insize=8532076 outsize=234 ok=1
Cmd: compileComputeKernel
  api=4 insize=8532076 outsize=6499 ok=1
Cmd: compileComputeKernel
  api=4 insize=8532076 outsize=234 ok=1
Cmd: compileComputeKernel
  api=4 insize=8532076 outsize=10473 ok=1
Cmd: compileComputeKernel
  api=4 insize=8532076 outsize=234 ok=1
Cmd: compileComputeKernel
  api=4 insize=8532076 outsize=234 ok=1
Cmd: compileComputeKernel
  api=4 insize=8532076 outsize=234 ok=1
Cmd: compileComputeKernel
  api=4 insize=8532076 outsize=234 ok=1
Cmd: compileComputeKernel
  api=4 insize=8532076 outsize=10156 ok=1
Cmd: compileComputeKernel
  api=4 insize=8532076 outsize=13081 ok=1
Cmd: compileComputeKernel
  api=4 insize=8532076 outsize=234 ok=1
Cmd: compileComputeKernel
  api=4 insize=8532076 outsize=234 ok=1
Cmd: compileComputeKernel
  api=4 insize=8532076 outsize=234 ok=1
Cmd: compileComputeKernel
  api=4 insize=8532076 outsize=234 ok=1
Cmd: compileComputeKernel
  api=4 insize=8532076 outsize=234 ok=1
Cmd: compileComputeKernel
  api=4 insize=8532076 outsize=234 ok=1
Cmd: compileComputeKernel
  api=4 insize=8532076 outsize=234 ok=1
Cmd: compileComputeKernel
  api=4 insize=8532076 outsize=234 ok=1
Cmd: compileComputeKernel
  api=4 insize=8532076 outsize=234 ok=1
Cmd: compileComputeKernel
  api=4 insize=8532076 outsize=234 ok=1
Cmd: compileComputeKernel
  api=4 insize=8532076 outsize=234 ok=1
Cmd: compileComputeKernel
  api=4 insize=8532076 outsize=234 ok=1
Cmd: compileComputeKernel
  api=4 insize=8532076 outsize=234 ok=1
Cmd: compileComputeKernel
  api=4 insize=8532076 outsize=234 ok=1
Cmd: compileComputeKernel
  api=4 insize=8532076 outsize=234 ok=1
Cmd: compileComputeKernel
  api=4 insize=8532076 outsize=6499 ok=1
Cmd: compileComputeKernel
  api=4 insize=8532076 outsize=234 ok=1
Cmd: compileComputeKernel
  api=4 insize=8532076 outsize=13423 ok=1
Cmd: compileComputeKernel
  api=4 insize=8532076 outsize=234 ok=1
Cmd: compileComputeKernel
  api=4 insize=8532076 outsize=234 ok=1
Cmd: compileComputeKernel
  api=4 insize=8532076 outsize=234 ok=1
Cmd: compileComputeKernel
  api=4 insize=8532076 outsize=234 ok=1
Cmd: compileComputeKernel
  api=4 insize=8532076 outsize=13834 ok=1
Cmd: compileComputeKernel
  api=4 insize=8532076 outsize=21293 ok=1
Cmd: compileComputeKernel
  api=4 insize=8532076 outsize=234 ok=1
Cmd: compileComputeKernel
  api=4 insize=8532076 outsize=234 ok=1
Cmd: compileComputeKernel
  api=4 insize=8532076 outsize=234 ok=1
Cmd: compileComputeKernel
  api=4 insize=8532076 outsize=234 ok=1
Cmd: compileComputeKernel
  api=4 insize=8532076 outsize=234 ok=1
Cmd: compileComputeKernel
  api=4 insize=8532076 outsize=234 ok=1
Cmd: compileComputeKernel
  api=4 insize=8532076 outsize=234 ok=1
Cmd: compileComputeKernel
  api=4 insize=8532076 outsize=234 ok=1
Cmd: compileComputeKernel
  api=4 insize=8532076 outsize=234 ok=1
Cmd: compileComputeKernel
  api=4 insize=8532076 outsize=234 ok=1
Cmd: compileComputeKernel
  api=4 insize=8532076 outsize=234 ok=1
Cmd: compileComputeKernel
  api=4 insize=8532076 outsize=234 ok=1
Cmd: compileComputeKernel
  api=4 insize=8532076 outsize=234 ok=1
Cmd: compileComputeKernel
  api=4 insize=8532076 outsize=234 ok=1
Cmd: compileComputeKernel
  api=4 insize=8532076 outsize=234 ok=1
Cmd: compileComputeKernel
  api=4 insize=8532076 outsize=234 ok=1
Cmd: compileComputeKernel
  api=4 insize=8532076 outsize=234 ok=1
Cmd: compileComputeKernel
  api=4 insize=8532076 outsize=234 ok=1
Cmd: compileComputeKernel
  api=4 insize=8532076 outsize=234 ok=1
Cmd: compileComputeKernel
  api=4 insize=8532076 outsize=234 ok=1
Cmd: compileComputeKernel
  api=4 insize=8532076 outsize=234 ok=1
Cmd: compileComputeKernel
  api=4 insize=8532076 outsize=234 ok=1
Cmd: compileComputeKernel
  api=4 insize=8532076 outsize=234 ok=1
Cmd: compileComputeKernel
  api=4 insize=8532076 outsize=234 ok=1
Cmd: compileComputeKernel
  api=4 insize=8532076 outsize=234 ok=1
Cmd: compileComputeKernel
  api=4 insize=8532076 outsize=234 ok=1
Cmd: compileComputeKernel
  api=4 insize=8532076 outsize=234 ok=1
Cmd: compileComputeKernel
  api=4 insize=8532076 outsize=234 ok=1
Cmd: compileComputeKernel
  api=4 insize=8532076 outsize=234 ok=1
Cmd: compileComputeKernel
  api=4 insize=8532076 outsize=234 ok=1
Cmd: compileComputeKernel
  api=4 insize=8532076 outsize=234 ok=1
Cmd: compileComputeKernel
  api=4 insize=8532076 outsize=234 ok=1
Cmd: compileComputeKernel
  api=4 insize=8532076 outsize=234 ok=1
Cmd: compileComputeKernel
  api=4 insize=8532076 outsize=19852 ok=1
Cmd: compileComputeKernel
  api=4 insize=8532076 outsize=12467 ok=1
Cmd: compileComputeKernel
  api=4 insize=8532076 outsize=15212 ok=1
Cmd: compileComputeKernel
  api=4 insize=8532076 outsize=234 ok=1
Cmd: compileComputeKernel
  api=4 insize=8532076 outsize=234 ok=1
Cmd: compileComputeKernel
  api=4 insize=8532076 outsize=234 ok=1
Cmd: compileComputeKernel
  api=4 insize=8532076 outsize=9036 ok=1
Cmd: compileComputeKernel
  api=4 insize=8532076 outsize=21127 ok=1
Cmd: compileComputeKernel
  api=4 insize=8532076 outsize=234 ok=1
Cmd: compileComputeKernel
  api=4 insize=8532076 outsize=234 ok=1
Cmd: compileComputeKernel
  api=4 insize=8532076 outsize=234 ok=1
Cmd: compileComputeKernel
  api=4 insize=8532076 outsize=234 ok=1
Cmd: compileComputeKernel
  api=4 insize=8532076 outsize=234 ok=1
Cmd: compileComputeKernel
  api=4 insize=8532076 outsize=17513 ok=1
Cmd: compileComputeKernel
  api=4 insize=8532076 outsize=234 ok=1
Cmd: compileComputeKernel
  api=4 insize=8532076 outsize=234 ok=1
Cmd: compileComputeKernel
  api=4 insize=8532076 outsize=234 ok=1
Cmd: compileComputeKernel
  api=4 insize=8532076 outsize=234 ok=1
Cmd: compileComputeKernel
  api=4 insize=8532076 outsize=9372 ok=1
Cmd: compileComputeKernel
  api=4 insize=8532076 outsize=234 ok=1
Cmd: compileComputeKernel
  api=4 insize=8532076 outsize=234 ok=1
Cmd: compileComputeKernel
  api=4 insize=8532076 outsize=20910 ok=1
Cmd: compileComputeKernel
  api=4 insize=8532076 outsize=8468 ok=1
Cmd: compileComputeKernel
  api=4 insize=8532076 outsize=234 ok=1
Cmd: compileComputeKernel
  api=4 insize=8532076 outsize=234 ok=1
Cmd: compileComputeKernel
  api=4 insize=8532076 outsize=23052 ok=1
Cmd: compileComputeKernel
  api=4 insize=8532076 outsize=234 ok=1
Cmd: compileComputeKernel
  api=4 insize=8532076 outsize=23071 ok=1
Cmd: compileComputeKernel
  api=4 insize=8532076 outsize=234 ok=1
Cmd: compileComputeKernel
  api=4 insize=8532076 outsize=234 ok=1
Cmd: compileComputeKernel
  api=4 insize=8532076 outsize=234 ok=1
Cmd: compileComputeKernel
  api=4 insize=8532076 outsize=234 ok=1
Cmd: compileComputeKernel
  api=4 insize=8532076 outsize=234 ok=1
Cmd: compileComputeKernel
  api=4 insize=8532076 outsize=234 ok=1
Cmd: compileComputeKernel
  api=4 insize=8532076 outsize=234 ok=1
Cmd: compileComputeKernel
  api=4 insize=8532076 outsize=234 ok=1
Cmd: compileComputeKernel
  api=4 insize=8532076 outsize=234 ok=1
Cmd: compileComputeKernel
  api=4 insize=8532076 outsize=234 ok=1
Cmd: compileComputeKernel
  api=4 insize=8532076 outsize=234 ok=1
Cmd: compileComputeKernel
  api=4 insize=8532076 outsize=234 ok=1
Cmd: compileComputeKernel
  api=4 insize=8532076 outsize=234 ok=1
Cmd: compileComputeKernel
  api=4 insize=8532076 outsize=234 ok=1
Cmd: compileComputeKernel
  api=4 insize=8532076 outsize=5282 ok=1
Cmd: compileComputeKernel
  api=4 insize=8532076 outsize=20559 ok=1
Cmd: compileComputeKernel
  api=4 insize=8532076 outsize=234 ok=1
Cmd: compileComputeKernel
  api=4 insize=8532076 outsize=234 ok=1
Cmd: compileComputeKernel
  api=4 insize=8532076 outsize=234 ok=1
Cmd: compileComputeKernel
  api=4 insize=8532076 outsize=11264 ok=1
Cmd: compileComputeKernel
  api=4 insize=8532076 outsize=234 ok=1
Cmd: compileComputeKernel
  api=4 insize=8532076 outsize=18188 ok=1
Cmd: compileComputeKernel
  api=4 insize=8532076 outsize=234 ok=1
Cmd: compileComputeKernel
  api=4 insize=8532076 outsize=234 ok=1
Cmd: compileComputeKernel
  api=4 insize=8532076 outsize=234 ok=1
Cmd: compileComputeKernel
  api=4 insize=8532076 outsize=234 ok=1
Cmd: compileComputeKernel
  api=4 insize=8532076 outsize=234 ok=1
Cmd: compileComputeKernel
  api=4 insize=8532076 outsize=234 ok=1
Cmd: compileComputeKernel
  api=4 insize=8532076 outsize=234 ok=1
Cmd: compileComputeKernel
  api=4 insize=8532076 outsize=234 ok=1
Cmd: compileComputeKernel
  api=4 insize=8532076 outsize=234 ok=1
Cmd: compileComputeKernel
  api=4 insize=8532076 outsize=234 ok=1
Cmd: compileComputeKernel
  api=4 insize=8532076 outsize=234 ok=1
Cmd: compileComputeKernel
  api=4 insize=8532076 outsize=234 ok=1
Cmd: compileComputeKernel
  api=4 insize=8532076 outsize=234 ok=1
Cmd: compileComputeKernel
  api=4 insize=8532076 outsize=234 ok=1
Cmd: compileComputeKernel
  api=4 insize=8532076 outsize=234 ok=1
Cmd: compileComputeKernel
  api=4 insize=8532076 outsize=234 ok=1
Cmd: compileComputeKernel
  api=4 insize=8532076 outsize=234 ok=1
Cmd: compileComputeKernel
  api=4 insize=8532076 outsize=234 ok=1
Cmd: compileComputeKernel
  api=4 insize=8532076 outsize=234 ok=1
Cmd: compileComputeKernel
  api=4 insize=8532076 outsize=234 ok=1
Cmd: compileComputeKernel
  api=4 insize=8532076 outsize=234 ok=1
Cmd: compileComputeKernel
  api=4 insize=8532076 outsize=234 ok=1
Cmd: compileComputeKernel
  api=4 insize=8532076 outsize=234 ok=1
Cmd: compileComputeKernel
  api=4 insize=8532076 outsize=234 ok=1
Cmd: compileComputeKernel
  api=4 insize=8532076 outsize=234 ok=1
Cmd: compileComputeKernel
  api=4 insize=8532076 outsize=234 ok=1
Cmd: compileComputeKernel
  api=4 insize=8532076 outsize=234 ok=1
Cmd: compileComputeKernel
  api=4 insize=8532076 outsize=234 ok=1
Cmd: compileComputeKernel
  api=4 insize=8532076 outsize=234 ok=1
Cmd: compileComputeKernel
  api=4 insize=8532076 outsize=234 ok=1
Cmd: compileComputeKernel
  api=4 insize=8532076 outsize=234 ok=1
Cmd: compileComputeKernel
  api=4 insize=8532076 outsize=234 ok=1
Cmd: compileComputeKernel
  api=4 insize=8532076 outsize=234 ok=1
Cmd: compileComputeKernel
  api=4 insize=8532076 outsize=234 ok=1
Cmd: compileComputeKernel
  api=4 insize=8532076 outsize=234 ok=1
Cmd: compileComputeKernel
  api=4 insize=8532076 outsize=234 ok=1
Cmd: compileComputeKernel
  api=4 insize=8532076 outsize=234 ok=1
Cmd: compileComputeKernel
  api=4 insize=8532076 outsize=234 ok=1
Cmd: compileComputeKernel
  api=4 insize=8532076 outsize=234 ok=1
Cmd: compileComputeKernel
  api=4 insize=8532076 outsize=234 ok=1
Cmd: compileComputeKernel
  api=4 insize=8532076 outsize=234 ok=1
Cmd: compileComputeKernel
  api=4 insize=8532076 outsize=234 ok=1
Cmd: compileComputeKernel
  api=4 insize=8532076 outsize=234 ok=1
Cmd: compileComputeKernel
  api=4 insize=8532076 outsize=234 ok=1
Cmd: compileComputeKernel
  api=4 insize=8532076 outsize=234 ok=1
Cmd: compileComputeKernel
  api=4 insize=8532076 outsize=234 ok=1
Cmd: compileComputeKernel
  api=4 insize=8532076 outsize=234 ok=1
Cmd: compileComputeKernel
  api=4 insize=8532076 outsize=234 ok=1
Cmd: compileComputeKernel
  api=4 insize=8532076 outsize=234 ok=1
Cmd: compileComputeKernel
  api=4 insize=8532076 outsize=234 ok=1
Cmd: compileComputeKernel
  api=4 insize=8532076 outsize=234 ok=1
Cmd: compileComputeKernel
  api=4 insize=8532076 outsize=234 ok=1
Cmd: compileComputeKernel
  api=4 insize=8532076 outsize=234 ok=1
Cmd: compileComputeKernel
  api=4 insize=8532076 outsize=234 ok=1
Cmd: compileComputeKernel
  api=4 insize=8532076 outsize=234 ok=1
Cmd: compileComputeKernel
  api=4 insize=8532076 outsize=234 ok=1
Cmd: compileComputeKernel
  api=4 insize=8532076 outsize=234 ok=1
Cmd: compileComputeKernel
  api=4 insize=8532076 outsize=234 ok=1
Cmd: compileComputeKernel
  api=4 insize=8532076 outsize=234 ok=1
Cmd: compileComputeKernel
  api=4 insize=8532076 outsize=234 ok=1
Cmd: compileComputeKernel
  api=4 insize=8532076 outsize=234 ok=1
Cmd: compileComputeKernel
  api=4 insize=8532076 outsize=234 ok=1
Cmd: compileComputeKernel
  api=4 insize=8532076 outsize=234 ok=1
Cmd: compileComputeKernel
  api=4 insize=8532076 outsize=234 ok=1
Unhandled exception: Protocol error - unexpected end of data (did the Editor crash?)

Quitting shader compiler process
